<?xml version="1.0" encoding="UTF-8"?>
<!-- Generated by org.testng.reporters.JUnitXMLReporter -->
<testsuite hostname="IM" ignored="0" name="Test" tests="1" failures="0" timestamp="24 Oct 2018 13:55:44 GMT" time="242.094" errors="0">
  <testcase name="@BeforeMethod setUp" time="242.034" classname="com.momsbelief3.generic.BaseLib">
    <failure type="java.util.InputMismatchException">
      <![CDATA[java.util.InputMismatchException
at java.util.Scanner.throwFor(Scanner.java:864)
at java.util.Scanner.next(Scanner.java:1485)
at java.util.Scanner.nextInt(Scanner.java:2117)
at java.util.Scanner.nextInt(Scanner.java:2076)
at com.momsbelief3.generic.BaseLib.setUp(BaseLib.java:25)
... Removed 32 stack frames]]>
    </failure>
  </testcase> <!-- @BeforeMethod setUp -->
  <testcase name="@AfterMethod tearDown" time="0.0" classname="com.momsbelief3.generic.BaseLib">
    <skipped/>
  </testcase> <!-- @AfterMethod tearDown -->
  <testcase name="validLogin" time="0.0" classname="com.momsbelief3.scripts.LoginTest">
    <skipped/>
  </testcase> <!-- validLogin -->
</testsuite> <!-- Test -->
